<?xml version="1.0" encoding="UTF-8"?>
<!-- Generated by org.testng.reporters.JUnitXMLReporter -->
<testsuite ignored="0" hostname="DESKTOP-P4HI28R" failures="0" tests="2" name="Default test" time="63.522" errors="0" timestamp="22 Mar 2024 07:03:19 GMT">
  <testcase classname="contactTest.CreateNewContactWithLeadSourceTest" name="Sample" time="0.023"/>
  <testcase classname="contactTest.CreateNewContactWithLeadSourceTest" name="createNewContactWithLeadSource" time="24.267"/>
</testsuite> <!-- Default test -->
