<?xml version="1.0" encoding="UTF-8"?>
<testng-results ignored="0" total="1" passed="1" failed="0" skipped="0">
  <reporter-output>
  </reporter-output>
  <suite started-at="2024-04-04T06:51:39Z" name="Default suite" finished-at="2024-04-04T06:52:32Z" duration-ms="52521">
    <groups>
    </groups>
    <test started-at="2024-04-04T06:51:39Z" name="Default test" finished-at="2024-04-04T06:52:32Z" duration-ms="52521">
      <class name="campaignTest.CreateNewCampaignTest">
        <test-method is-config="true" signature="bsConfig()[pri:0, instance:campaignTest.CreateNewCampaignTest@5b38c1ec]" started-at="2024-04-04T12:21:39Z" name="bsConfig" finished-at="2024-04-04T12:21:39Z" duration-ms="7" status="PASS">
          <reporter-output>
          </reporter-output>
        </test-method> <!-- bsConfig -->
        <test-method is-config="true" signature="bcConfig()[pri:0, instance:campaignTest.CreateNewCampaignTest@5b38c1ec]" started-at="2024-04-04T12:21:39Z" name="bcConfig" finished-at="2024-04-04T12:22:01Z" duration-ms="21716" status="PASS">
          <reporter-output>
          </reporter-output>
        </test-method> <!-- bcConfig -->
        <test-method is-config="true" signature="bmConfig()[pri:0, instance:campaignTest.CreateNewCampaignTest@5b38c1ec]" started-at="2024-04-04T12:22:01Z" name="bmConfig" finished-at="2024-04-04T12:22:08Z" duration-ms="6946" status="PASS">
          <reporter-output>
          </reporter-output>
        </test-method> <!-- bmConfig -->
        <test-method signature="createNewCampaign()[pri:0, instance:campaignTest.CreateNewCampaignTest@5b38c1ec]" started-at="2024-04-04T12:22:08Z" name="createNewCampaign" finished-at="2024-04-04T12:22:29Z" duration-ms="21240" status="PASS">
          <reporter-output>
          </reporter-output>
        </test-method> <!-- createNewCampaign -->
        <test-method is-config="true" signature="amConfig()[pri:0, instance:campaignTest.CreateNewCampaignTest@5b38c1ec]" started-at="2024-04-04T12:22:29Z" name="amConfig" finished-at="2024-04-04T12:22:32Z" duration-ms="2402" status="PASS">
          <reporter-output>
          </reporter-output>
        </test-method> <!-- amConfig -->
        <test-method is-config="true" signature="acConfig()[pri:0, instance:campaignTest.CreateNewCampaignTest@5b38c1ec]" started-at="2024-04-04T12:22:32Z" name="acConfig" finished-at="2024-04-04T12:22:32Z" duration-ms="186" status="PASS">
          <reporter-output>
          </reporter-output>
        </test-method> <!-- acConfig -->
        <test-method is-config="true" signature="asConfig()[pri:0, instance:campaignTest.CreateNewCampaignTest@5b38c1ec]" started-at="2024-04-04T12:22:32Z" name="asConfig" finished-at="2024-04-04T12:22:32Z" duration-ms="0" status="PASS">
          <reporter-output>
          </reporter-output>
        </test-method> <!-- asConfig -->
      </class> <!-- campaignTest.CreateNewCampaignTest -->
    </test> <!-- Default test -->
  </suite> <!-- Default suite -->
</testng-results>
